
**** Build of configuration Debug for project I2cScan ****

"C:\\Program Files (x86)\\TI\\ccsv6\\utils\\bin\\gmake" -k -j 4 all -O 
'Building file: ../startup_msp432p401r_ccs.c'
'Invoking: MSP432 Compiler'
"C:/Program Files (x86)/TI/ccsv6/tools/compiler/arm_15.12.3.LTS/bin/armcl" -mv7M4 --code_state=16 --float_support=FPv4SPD16 -me --opt_for_speed=3 --include_path="C:/Program Files (x86)/TI/ccsv6/ccs_base/arm/include" --include_path="C:/Program Files (x86)/TI/ccsv6/driverlib/MSP432P4xx" --include_path="C:/Program Files (x86)/TI/ccsv6/ccs_base/arm/include/CMSIS" --include_path="C:/Program Files (x86)/TI/ccsv6/tools/compiler/arm_15.12.3.LTS/include" --advice:power="1,2,3,5,7,9,10,12" -g --gcc --define=__MSP432P401R__ --define=TARGET_IS_MSP432P4XX --define=ccs --diag_wrap=off --diag_warning=225 --display_error_number --abi=eabi --preproc_with_compile --preproc_dependency="startup_msp432p401r_ccs.d"  "../startup_msp432p401r_ccs.c"
'Finished building: ../startup_msp432p401r_ccs.c'
' '
'Building file: ../I2cScan/startup_msp432p401r_ccs.c'
'Invoking: MSP432 Compiler'
"C:/Program Files (x86)/TI/ccsv6/tools/compiler/arm_15.12.3.LTS/bin/armcl" -mv7M4 --code_state=16 --float_support=FPv4SPD16 -me --opt_for_speed=3 --include_path="C:/Program Files (x86)/TI/ccsv6/ccs_base/arm/include" --include_path="C:/Program Files (x86)/TI/ccsv6/driverlib/MSP432P4xx" --include_path="C:/Program Files (x86)/TI/ccsv6/ccs_base/arm/include/CMSIS" --include_path="C:/Program Files (x86)/TI/ccsv6/tools/compiler/arm_15.12.3.LTS/include" --advice:power="1,2,3,5,7,9,10,12" -g --gcc --define=__MSP432P401R__ --define=TARGET_IS_MSP432P4XX --define=ccs --diag_wrap=off --diag_warning=225 --display_error_number --abi=eabi --preproc_with_compile --preproc_dependency="I2cScan/startup_msp432p401r_ccs.d" --obj_directory="I2cScan"  "../I2cScan/startup_msp432p401r_ccs.c"
'Finished building: ../I2cScan/startup_msp432p401r_ccs.c'
' '
'Building file: ../system_msp432p401r.c'
'Invoking: MSP432 Compiler'
"C:/Program Files (x86)/TI/ccsv6/tools/compiler/arm_15.12.3.LTS/bin/armcl" -mv7M4 --code_state=16 --float_support=FPv4SPD16 -me --opt_for_speed=3 --include_path="C:/Program Files (x86)/TI/ccsv6/ccs_base/arm/include" --include_path="C:/Program Files (x86)/TI/ccsv6/driverlib/MSP432P4xx" --include_path="C:/Program Files (x86)/TI/ccsv6/ccs_base/arm/include/CMSIS" --include_path="C:/Program Files (x86)/TI/ccsv6/tools/compiler/arm_15.12.3.LTS/include" --advice:power="1,2,3,5,7,9,10,12" -g --gcc --define=__MSP432P401R__ --define=TARGET_IS_MSP432P4XX --define=ccs --diag_wrap=off --diag_warning=225 --display_error_number --abi=eabi --preproc_with_compile --preproc_dependency="system_msp432p401r.d"  "../system_msp432p401r.c"
"../system_msp432p401r.c", line 112: remark #2623-D: (ULP 5.4) Detected an assignment to a type with size less than int. To avoid unnecessary sign extension, use int-sized types for local varaibles and convert to smaller types for static storage.
"../system_msp432p401r.c", line 160: remark #2623-D: (ULP 5.4) Detected an assignment to a type with size less than int. To avoid unnecessary sign extension, use int-sized types for local varaibles and convert to smaller types for static storage.
"../system_msp432p401r.c", line 193: remark #2623-D: (ULP 5.4) Detected an assignment to a type with size less than int. To avoid unnecessary sign extension, use int-sized types for local varaibles and convert to smaller types for static storage.
'Finished building: ../system_msp432p401r.c'
' '
'Building file: ../main.c'
'Invoking: MSP432 Compiler'
"C:/Program Files (x86)/TI/ccsv6/tools/compiler/arm_15.12.3.LTS/bin/armcl" -mv7M4 --code_state=16 --float_support=FPv4SPD16 -me --opt_for_speed=3 --include_path="C:/Program Files (x86)/TI/ccsv6/ccs_base/arm/include" --include_path="C:/Program Files (x86)/TI/ccsv6/driverlib/MSP432P4xx" --include_path="C:/Program Files (x86)/TI/ccsv6/ccs_base/arm/include/CMSIS" --include_path="C:/Program Files (x86)/TI/ccsv6/tools/compiler/arm_15.12.3.LTS/include" --advice:power="1,2,3,5,7,9,10,12" -g --gcc --define=__MSP432P401R__ --define=TARGET_IS_MSP432P4XX --define=ccs --diag_wrap=off --diag_warning=225 --display_error_number --abi=eabi --preproc_with_compile --preproc_dependency="main.d"  "../main.c"
"../main.c", line 59: remark #1543-D: (ULP 12.2) Detected for loop with repetitive data transfer. Recommend using DMA
"../main.c", line 122: warning #179-D: variable "test" was declared but never referenced
'Finished building: ../main.c'
' '
'Building file: ../I2cScan/main.c'
'Invoking: MSP432 Compiler'
"C:/Program Files (x86)/TI/ccsv6/tools/compiler/arm_15.12.3.LTS/bin/armcl" -mv7M4 --code_state=16 --float_support=FPv4SPD16 -me --opt_for_speed=3 --include_path="C:/Program Files (x86)/TI/ccsv6/ccs_base/arm/include" --include_path="C:/Program Files (x86)/TI/ccsv6/driverlib/MSP432P4xx" --include_path="C:/Program Files (x86)/TI/ccsv6/ccs_base/arm/include/CMSIS" --include_path="C:/Program Files (x86)/TI/ccsv6/tools/compiler/arm_15.12.3.LTS/include" --advice:power="1,2,3,5,7,9,10,12" -g --gcc --define=__MSP432P401R__ --define=TARGET_IS_MSP432P4XX --define=ccs --diag_wrap=off --diag_warning=225 --display_error_number --abi=eabi --preproc_with_compile --preproc_dependency="I2cScan/main.d" --obj_directory="I2cScan"  "../I2cScan/main.c"
"../I2cScan/main.c", line 59: remark #1543-D: (ULP 12.2) Detected for loop with repetitive data transfer. Recommend using DMA
"../I2cScan/main.c", line 122: warning #179-D: variable "test" was declared but never referenced
'Finished building: ../I2cScan/main.c'
' '
'Building file: ../I2cScan/system_msp432p401r.c'
'Invoking: MSP432 Compiler'
"C:/Program Files (x86)/TI/ccsv6/tools/compiler/arm_15.12.3.LTS/bin/armcl" -mv7M4 --code_state=16 --float_support=FPv4SPD16 -me --opt_for_speed=3 --include_path="C:/Program Files (x86)/TI/ccsv6/ccs_base/arm/include" --include_path="C:/Program Files (x86)/TI/ccsv6/driverlib/MSP432P4xx" --include_path="C:/Program Files (x86)/TI/ccsv6/ccs_base/arm/include/CMSIS" --include_path="C:/Program Files (x86)/TI/ccsv6/tools/compiler/arm_15.12.3.LTS/include" --advice:power="1,2,3,5,7,9,10,12" -g --gcc --define=__MSP432P401R__ --define=TARGET_IS_MSP432P4XX --define=ccs --diag_wrap=off --diag_warning=225 --display_error_number --abi=eabi --preproc_with_compile --preproc_dependency="I2cScan/system_msp432p401r.d" --obj_directory="I2cScan"  "../I2cScan/system_msp432p401r.c"
"../I2cScan/system_msp432p401r.c", line 112: remark #2623-D: (ULP 5.4) Detected an assignment to a type with size less than int. To avoid unnecessary sign extension, use int-sized types for local varaibles and convert to smaller types for static storage.
"../I2cScan/system_msp432p401r.c", line 160: remark #2623-D: (ULP 5.4) Detected an assignment to a type with size less than int. To avoid unnecessary sign extension, use int-sized types for local varaibles and convert to smaller types for static storage.
"../I2cScan/system_msp432p401r.c", line 193: remark #2623-D: (ULP 5.4) Detected an assignment to a type with size less than int. To avoid unnecessary sign extension, use int-sized types for local varaibles and convert to smaller types for static storage.
'Finished building: ../I2cScan/system_msp432p401r.c'
' '
'Building target: I2cScan.out'
'Invoking: MSP432 Linker'
"C:/Program Files (x86)/TI/ccsv6/tools/compiler/arm_15.12.3.LTS/bin/armcl" -mv7M4 --code_state=16 --float_support=FPv4SPD16 -me --opt_for_speed=3 --advice:power="1,2,3,5,7,9,10,12" -g --gcc --define=__MSP432P401R__ --define=TARGET_IS_MSP432P4XX --define=ccs --diag_wrap=off --diag_warning=225 --display_error_number --abi=eabi -z -m"I2cScan.map" --stack_size=512 --heap_size=1024 -i"C:/Program Files (x86)/TI/ccsv6/ccs_base/arm/include" -i"C:/Program Files (x86)/TI/ccsv6/tools/compiler/arm_15.12.3.LTS/lib" -i"C:/Program Files (x86)/TI/ccsv6/tools/compiler/arm_15.12.3.LTS/include" --reread_libs --diag_wrap=off --warn_sections --display_error_number --xml_link_info="I2cScan_linkInfo.xml" --rom_model -o "I2cScan.out" "./main.obj" "./startup_msp432p401r_ccs.obj" "./system_msp432p401r.obj" "../I2cScan/Debug/main.obj" "../I2cScan/Debug/startup_msp432p401r_ccs.obj" "../I2cScan/Debug/system_msp432p401r.obj" "./I2cScan/main.obj" "./I2cScan/startup_msp432p401r_ccs.obj" "./I2cScan/system_msp432p401r.obj" "../msp432p401r.cmd" "C:/ti/tirex-content/msp/msp432ware__3.50.00.02/driverlib/driverlib/MSP432P4xx/ccs/msp432p4xx_driverlib.lib" "../I2cScan/msp432p401r.cmd"  -llibc.a 
<Linking>
"../I2cScan/msp432p401r.cmd", line 43: error #10263: MAIN memory range has already been specified
"../I2cScan/msp432p401r.cmd", line 43: error #10264: MAIN memory range overlaps existing memory range MAIN
"../I2cScan/msp432p401r.cmd", line 44: error #10263: INFO memory range has already been specified
"../I2cScan/msp432p401r.cmd", line 44: error #10264: INFO memory range overlaps existing memory range INFO
remark #10371-D: (ULP 1.1) Detected no uses of low power mode state changing instructions
"../I2cScan/msp432p401r.cmd", line 49: error #10263: SRAM_CODE memory range has already been specified

>> Compilation failure
makefile:155: recipe for target 'I2cScan.out' failed
"../I2cScan/msp432p401r.cmd", line 49: error #10264: SRAM_CODE memory range overlaps existing memory range SRAM_CODE
"../I2cScan/msp432p401r.cmd", line 50: error #10263: SRAM_DATA memory range has already been specified
"../I2cScan/msp432p401r.cmd", line 50: error #10264: SRAM_DATA memory range overlaps existing memory range SRAM_DATA
"../I2cScan/msp432p401r.cmd", line 111: warning #10190-D: absolute symbol "WDTCTL_SYM" being redefined
error #10056: symbol "reverse" redefined: first defined in "./main.obj"; redefined in "../I2cScan/Debug/main.obj"
error #10056: symbol "i2cRead2" redefined: first defined in "./main.obj"; redefined in "../I2cScan/Debug/main.obj"
error #10056: symbol "intToString" redefined: first defined in "./main.obj"; redefined in "../I2cScan/Debug/main.obj"
error #10056: symbol "i2cWrite" redefined: first defined in "./main.obj"; redefined in "../I2cScan/Debug/main.obj"
error #10056: symbol "sendString" redefined: first defined in "./main.obj"; redefined in "../I2cScan/Debug/main.obj"
error #10056: symbol "main" redefined: first defined in "./main.obj"; redefined in "../I2cScan/Debug/main.obj"
error #10056: symbol "sendInt" redefined: first defined in "./main.obj"; redefined in "../I2cScan/Debug/main.obj"
error #10056: symbol "initI2C" redefined: first defined in "./main.obj"; redefined in "../I2cScan/Debug/main.obj"
error #10056: symbol "i2cRead" redefined: first defined in "./main.obj"; redefined in "../I2cScan/Debug/main.obj"
error #10056: symbol "initUART" redefined: first defined in "./main.obj"; redefined in "../I2cScan/Debug/main.obj"
error #10056: symbol "interruptVectors" redefined: first defined in "./startup_msp432p401r_ccs.obj"; redefined in "../I2cScan/Debug/startup_msp432p401r_ccs.obj"
error #10056: symbol "SystemInit" redefined: first defined in "./system_msp432p401r.obj"; redefined in "../I2cScan/Debug/system_msp432p401r.obj"
error #10056: symbol "SystemCoreClockUpdate" redefined: first defined in "./system_msp432p401r.obj"; redefined in "../I2cScan/Debug/system_msp432p401r.obj"
error #10056: symbol "SystemCoreClock" redefined: first defined in "./system_msp432p401r.obj"; redefined in "../I2cScan/Debug/system_msp432p401r.obj"
error #10056: symbol "reverse" redefined: first defined in "./main.obj"; redefined in "./I2cScan/main.obj"
error #10056: symbol "i2cRead2" redefined: first defined in "./main.obj"; redefined in "./I2cScan/main.obj"
error #10056: symbol "intToString" redefined: first defined in "./main.obj"; redefined in "./I2cScan/main.obj"
error #10056: symbol "i2cWrite" redefined: first defined in "./main.obj"; redefined in "./I2cScan/main.obj"
error #10056: symbol "sendString" redefined: first defined in "./main.obj"; redefined in "./I2cScan/main.obj"
error #10056: symbol "main" redefined: first defined in "./main.obj"; redefined in "./I2cScan/main.obj"
error #10056: symbol "sendInt" redefined: first defined in "./main.obj"; redefined in "./I2cScan/main.obj"
error #10056: symbol "initI2C" redefined: first defined in "./main.obj"; redefined in "./I2cScan/main.obj"
error #10056: symbol "i2cRead" redefined: first defined in "./main.obj"; redefined in "./I2cScan/main.obj"
error #10056: symbol "initUART" redefined: first defined in "./main.obj"; redefined in "./I2cScan/main.obj"
error #10056: symbol "interruptVectors" redefined: first defined in "./startup_msp432p401r_ccs.obj"; redefined in "./I2cScan/startup_msp432p401r_ccs.obj"
error #10056: symbol "SystemInit" redefined: first defined in "./system_msp432p401r.obj"; redefined in "./I2cScan/system_msp432p401r.obj"
error #10056: symbol "SystemCoreClockUpdate" redefined: first defined in "./system_msp432p401r.obj"; redefined in "./I2cScan/system_msp432p401r.obj"
error #10056: symbol "SystemCoreClock" redefined: first defined in "./system_msp432p401r.obj"; redefined in "./I2cScan/system_msp432p401r.obj"
error #10010: errors encountered during linking; "I2cScan.out" not built
gmake[1]: *** [I2cScan.out] Error 1
gmake: *** [all] Error 2
makefile:151: recipe for target 'all' failed

**** Build Finished ****
