
**** Build of configuration Debug for project i2cserial ****

"C:\\Program Files (x86)\\TI\\ccsv6\\utils\\bin\\gmake" -j 4 all -O 
'Building target: i2cserial.out'
'Invoking: MSP432 Linker'
"C:/Program Files (x86)/TI/ccsv6/tools/compiler/arm_15.12.3.LTS/bin/armcl" -mv7M4 --code_state=16 --float_support=FPv4SPD16 -me --advice:power=all -g --gcc --define=__MSP432P401R__ --define=TARGET_IS_MSP432P4XX --define=ccs --diag_wrap=off --diag_warning=225 --display_error_number --abi=eabi -z -m"i2cserial.map" --stack_size=512 --heap_size=1024 -i"C:/ti/tirex-content/msp/msp432ware__3.50.00.02/driverlib/driverlib/MSP432P4xx" -i"C:/Program Files (x86)/TI/ccsv6/ccs_base/arm/include" -i"C:/Program Files (x86)/TI/ccsv6/tools/compiler/arm_15.12.3.LTS/lib" -i"C:/Program Files (x86)/TI/ccsv6/tools/compiler/arm_15.12.3.LTS/include" --reread_libs --diag_wrap=off --warn_sections --display_error_number --xml_link_info="i2cserial_linkInfo.xml" --rom_model -o "i2cserial.out" "./main.obj" "./startup_msp432p401r_ccs.obj" "./system_msp432p401r.obj" "../msp432p401r.cmd"  -llibc.a 
<Linking>
remark #10371-D: (ULP 1.1) Detected no uses of low power mode state changing instructions

remark #10372-D: (ULP 4.1) Detected uninitialized Port 1 in this project. Recommend initializing all unused ports to eliminate wasted current consumption on unused pins.
remark #10372-D: (ULP 4.1) Detected uninitialized Port 2 in this project. Recommend initializing all unused ports to eliminate wasted current consumption on unused pins.
remark #10372-D: (ULP 4.1) Detected uninitialized Port 3 in this project. Recommend initializing all unused ports to eliminate wasted current consumption on unused pins.
remark #10372-D: (ULP 4.1) Detected uninitialized Port 4 in this project. Recommend initializing all unused ports to eliminate wasted current consumption on unused pins.
remark #10372-D: (ULP 4.1) Detected uninitialized Port 5 in this project. Recommend initializing all unused ports to eliminate wasted current consumption on unused pins.
remark #10372-D: (ULP 4.1) Detected uninitialized Port 6 in this project. Recommend initializing all unused ports to eliminate wasted current consumption on unused pins.
remark #10372-D: (ULP 4.1) Detected uninitialized Port 7 in this project. Recommend initializing all unused ports to eliminate wasted current consumption on unused pins.
remark #10372-D: (ULP 4.1) Detected uninitialized Port 8 in this project. Recommend initializing all unused ports to eliminate wasted current consumption on unused pins.
remark #10372-D: (ULP 4.1) Detected uninitialized Port 9 in this project. Recommend initializing all unused ports to eliminate wasted current consumption on unused pins.
remark #10372-D: (ULP 4.1) Detected uninitialized Port 10 in this project. Recommend initializing all unused ports to eliminate wasted current consumption on unused pins.

>> Compilation failure
makefile:143: recipe for target 'i2cserial.out' failed
 undefined                                  first referenced
  symbol                                        in file     
 ---------                                  ----------------
 GPIO_setAsPeripheralModuleFunctionInputPin ./main.obj      
 Interrupt_enableInterrupt                  ./main.obj      
 Interrupt_enableSleepOnIsrExit             ./main.obj      
 PCM_gotoLPM0                               ./main.obj      
 SPI_clearInterruptFlag                     ./main.obj      
 SPI_enableInterrupt                        ./main.obj      
 SPI_enableModule                           ./main.obj      
 SPI_getEnabledInterruptStatus              ./main.obj      
 SPI_getInterruptStatus                     ./main.obj      
 SPI_initMaster                             ./main.obj      
 SPI_receiveData                            ./main.obj      
 SPI_transmitData                           ./main.obj      

error #10234-D: unresolved symbols remain
error #10010: errors encountered during linking; "i2cserial.out" not built
gmake[1]: *** [i2cserial.out] Error 1
gmake: *** [all] Error 2
makefile:139: recipe for target 'all' failed

**** Build Finished ****
