
**** Build of configuration Debug for project uart_pc_echo_12mhz_brclk ****

"C:\\Program Files (x86)\\TI\\ccsv6\\utils\\bin\\gmake" -k all 
'Building file: ../uart_pc_echo_12mhz_brclk.c'
'Invoking: MSP432 Compiler'
"C:/Program Files (x86)/TI/ccsv6/tools/compiler/arm_15.12.3.LTS/bin/armcl" -mv7M4 --code_state=16 --float_support=FPv4SPD16 -me --include_path="C:/Program Files (x86)/TI/ccsv6/ccs_base/arm/include/" --include_path="C:/Program Files (x86)/TI/ccsv6/ccs_base/arm/include/CMSIS" --include_path="D:/Scoala/LICENTA/Code/uart_pc_echo_12mhz_brclk" --include_path="C:/ti/tirex-content/msp/msp432ware__3.50.00.02/driverlib/driverlib/MSP432P4xx" --include_path="C:/Program Files (x86)/TI/ccsv6/tools/compiler/arm_15.12.3.LTS/include/" --include_path="C:/Program Files (x86)/TI/ccsv6/tools/compiler/arm_15.12.3.LTS/include" --advice:power=all -g --gcc --define=__MSP432P401R__ --define=TARGET_IS_MSP432P4XX --define=ccs --diag_wrap=off --diag_warning=225 --display_error_number --preproc_with_compile --preproc_dependency="uart_pc_echo_12mhz_brclk.d"  "../uart_pc_echo_12mhz_brclk.c"
'Finished building: ../uart_pc_echo_12mhz_brclk.c'
' '
'Building target: uart_pc_echo_12mhz_brclk.out'
'Invoking: MSP432 Linker'
"C:/Program Files (x86)/TI/ccsv6/tools/compiler/arm_15.12.3.LTS/bin/armcl" -mv7M4 --code_state=16 --float_support=FPv4SPD16 -me --advice:power=all -g --gcc --define=__MSP432P401R__ --define=TARGET_IS_MSP432P4XX --define=ccs --diag_wrap=off --diag_warning=225 --display_error_number -z -m"uart_pc_echo_12mhz_brclk.map" --stack_size=512 -i"C:/Program Files (x86)/TI/ccsv6/tools/compiler/arm_15.12.3.LTS/lib" -i"C:/Program Files (x86)/TI/ccsv6/tools/compiler/arm_15.12.3.LTS/include" --reread_libs --diag_wrap=off --warn_sections --display_error_number --xml_link_info="uart_pc_echo_12mhz_brclk_linkInfo.xml" --rom_model -o "uart_pc_echo_12mhz_brclk.out" "./startup_msp432p401r_ccs.obj" "./system_msp432p401r.obj" "./uart_pc_echo_12mhz_brclk.obj" "C:/ti/tirex-content/msp/msp432ware__3.50.00.02/driverlib/driverlib/MSP432P4xx/ccs/msp432p4xx_driverlib.lib" "../uart_pc_echo_12mhz_brclk_ccs.cmd"  -llibc.a 
<Linking>

remark #10371-D: (ULP 1.1) Detected no uses of low power mode state changing instructions
 undefined          first referenced             

>> Compilation failure
makefile:143: recipe for target 'uart_pc_echo_12mhz_brclk.out' failed
  symbol                in file                  
 ---------          ----------------             
 EUSCIA0_IRQHandler ./startup_msp432p401r_ccs.obj

error #10234-D: unresolved symbols remain
error #10010: errors encountered during linking; "uart_pc_echo_12mhz_brclk.out" not built
gmake: *** [uart_pc_echo_12mhz_brclk.out] Error 1
gmake: Target 'all' not remade because of errors.

**** Build Finished ****
