
**** Build of configuration Debug for project UARTwithSTRINGandINT ****

"C:\\Program Files (x86)\\TI\\ccsv6\\utils\\bin\\gmake" -k -j 4 all -O 
'Building file: ../main.c'
'Invoking: MSP432 Compiler'
"C:/Program Files (x86)/TI/ccsv6/tools/compiler/arm_15.12.3.LTS/bin/armcl" -mv7M4 --code_state=16 --float_support=FPv4SPD16 -me --opt_for_speed=3 --include_path="C:/Program Files (x86)/TI/ccsv6/ccs_base/arm/include" --include_path="C:/Program Files (x86)/TI/ccsv6/driverlib/MSP432P4xx" --include_path="C:/Program Files (x86)/TI/ccsv6/ccs_base/arm/include/CMSIS" --include_path="C:/Program Files (x86)/TI/ccsv6/tools/compiler/arm_15.12.3.LTS/include" --advice:power="all" -g --gcc --define=__MSP432P401R__ --define=TARGET_IS_MSP432P4XX --define=ccs --diag_wrap=off --diag_warning=225 --display_error_number --abi=eabi --preproc_with_compile --preproc_dependency="main.d"  "../main.c"
"../main.c", line 63: remark #1543-D: (ULP 12.2) Detected for loop with repetitive data transfer. Recommend using DMA
"../main.c", line 110: remark #1527-D: (ULP 2.1) Detected SW delay loop using empty loop. Recommend using a timer module instead
'Finished building: ../main.c'
' '
'Building target: UARTwithSTRINGandINT.out'
'Invoking: MSP432 Linker'
"C:/Program Files (x86)/TI/ccsv6/tools/compiler/arm_15.12.3.LTS/bin/armcl" -mv7M4 --code_state=16 --float_support=FPv4SPD16 -me --opt_for_speed=3 --advice:power="all" -g --gcc --define=__MSP432P401R__ --define=TARGET_IS_MSP432P4XX --define=ccs --diag_wrap=off --diag_warning=225 --display_error_number --abi=eabi -z -m"UARTwithSTRINGandINT.map" --stack_size=512 --heap_size=1024 -i"C:/Program Files (x86)/TI/ccsv6/ccs_base/arm/include" -i"C:/Program Files (x86)/TI/ccsv6/tools/compiler/arm_15.12.3.LTS/lib" -i"C:/Program Files (x86)/TI/ccsv6/tools/compiler/arm_15.12.3.LTS/include" --reread_libs --diag_wrap=off --warn_sections --display_error_number --xml_link_info="UARTwithSTRINGandINT_linkInfo.xml" --rom_model -o "UARTwithSTRINGandINT.out" "./main.obj" "./startup_msp432p401r_ccs.obj" "./system_msp432p401r.obj" "../msp432p401r.cmd" "C:/ti/tirex-content/msp/msp432ware__3.50.00.02/driverlib/driverlib/MSP432P4xx/ccs/msp432p4xx_driverlib.lib"  -llibc.a 
<Linking>
remark #10371-D: (ULP 1.1) Detected no uses of low power mode state changing instructions
remark #10372-D: (ULP 4.1) Detected uninitialized Port 1 in this project. Recommend initializing all unused ports to eliminate wasted current consumption on unused pins.
remark #10372-D: (ULP 4.1) Detected uninitialized Port 2 in this project. Recommend initializing all unused ports to eliminate wasted current consumption on unused pins.
remark #10372-D: (ULP 4.1) Detected uninitialized Port 3 in this project. Recommend initializing all unused ports to eliminate wasted current consumption on unused pins.
remark #10372-D: (ULP 4.1) Detected uninitialized Port 4 in this project. Recommend initializing all unused ports to eliminate wasted current consumption on unused pins.
remark #10372-D: (ULP 4.1) Detected uninitialized Port 5 in this project. Recommend initializing all unused ports to eliminate wasted current consumption on unused pins.
remark #10372-D: (ULP 4.1) Detected uninitialized Port 6 in this project. Recommend initializing all unused ports to eliminate wasted current consumption on unused pins.
remark #10372-D: (ULP 4.1) Detected uninitialized Port 7 in this project. Recommend initializing all unused ports to eliminate wasted current consumption on unused pins.
remark #10372-D: (ULP 4.1) Detected uninitialized Port 8 in this project. Recommend initializing all unused ports to eliminate wasted current consumption on unused pins.
remark #10372-D: (ULP 4.1) Detected uninitialized Port 9 in this project. Recommend initializing all unused ports to eliminate wasted current consumption on unused pins.
remark #10372-D: (ULP 4.1) Detected uninitialized Port 10 in this project. Recommend initializing all unused ports to eliminate wasted current consumption on unused pins.
'Finished building target: UARTwithSTRINGandINT.out'
' '

**** Build Finished ****
